<?xml version="1.0" encoding="UTF-8"?>
<testng-results skipped="0" failed="1" total="1" passed="0">
  <reporter-output>
  </reporter-output>
  <suite name="Default suite" duration-ms="20105" started-at="2020-11-23T04:23:50Z" finished-at="2020-11-23T04:24:10Z">
    <groups>
    </groups>
    <test name="Default test" duration-ms="20105" started-at="2020-11-23T04:23:50Z" finished-at="2020-11-23T04:24:10Z">
      <class name="com.facebookAutomation.FacebookSignupAssignment">
        <test-method status="PASS" signature="initialiseWebEnvironment()[pri:0, instance:com.facebookAutomation.FacebookSignupAssignment@13b32d7]" name="initialiseWebEnvironment" is-config="true" duration-ms="14384" started-at="2020-11-23T09:53:50Z" finished-at="2020-11-23T09:54:04Z">
          <reporter-output>
          </reporter-output>
        </test-method> <!-- initialiseWebEnvironment -->
        <test-method status="FAIL" signature="AddNewUser(java.lang.String, java.lang.String, java.lang.String, java.lang.String, java.lang.String, int, java.lang.String)[pri:4, instance:com.facebookAutomation.FacebookSignupAssignment@13b32d7]" name="AddNewUser" duration-ms="7" started-at="2020-11-23T09:54:10Z" data-provider="getFacebookWebsiteTestData" finished-at="2020-11-23T09:54:10Z">
          <params>
            <param index="0">
              <value>
                <![CDATA[tc001]]>
              </value>
            </param>
            <param index="1">
              <value>
                <![CDATA[Pratiksha]]>
              </value>
            </param>
            <param index="2">
              <value>
                <![CDATA[Gunjal]]>
              </value>
            </param>
            <param index="3">
              <value>
                <![CDATA[admin321]]>
              </value>
            </param>
            <param index="4">
              <value>
                <![CDATA[2]]>
              </value>
            </param>
            <param index="5">
              <value>
                <![CDATA[6]]>
              </value>
            </param>
            <param index="6">
              <value>
                <![CDATA[register_valid]]>
              </value>
            </param>
          </params>
          <exception class="java.lang.IllegalArgumentException">
            <message>
              <![CDATA[argument type mismatch]]>
            </message>
            <full-stacktrace>
              <![CDATA[java.lang.IllegalArgumentException: argument type mismatch
	at sun.reflect.NativeMethodAccessorImpl.invoke0(Native Method)
	at sun.reflect.NativeMethodAccessorImpl.invoke(NativeMethodAccessorImpl.java:62)
	at sun.reflect.DelegatingMethodAccessorImpl.invoke(DelegatingMethodAccessorImpl.java:43)
	at java.lang.reflect.Method.invoke(Method.java:498)
	at org.testng.internal.MethodInvocationHelper.invokeMethod(MethodInvocationHelper.java:86)
	at org.testng.internal.Invoker.invokeMethod(Invoker.java:643)
	at org.testng.internal.Invoker.invokeTestMethod(Invoker.java:820)
	at org.testng.internal.Invoker.invokeTestMethods(Invoker.java:1128)
	at org.testng.internal.TestMethodWorker.invokeTestMethods(TestMethodWorker.java:129)
	at org.testng.internal.TestMethodWorker.run(TestMethodWorker.java:112)
	at org.testng.TestRunner.privateRun(TestRunner.java:782)
	at org.testng.TestRunner.run(TestRunner.java:632)
	at org.testng.SuiteRunner.runTest(SuiteRunner.java:366)
	at org.testng.SuiteRunner.runSequentially(SuiteRunner.java:361)
	at org.testng.SuiteRunner.privateRun(SuiteRunner.java:319)
	at org.testng.SuiteRunner.run(SuiteRunner.java:268)
	at org.testng.SuiteRunnerWorker.runSuite(SuiteRunnerWorker.java:52)
	at org.testng.SuiteRunnerWorker.run(SuiteRunnerWorker.java:86)
	at org.testng.TestNG.runSuitesSequentially(TestNG.java:1244)
	at org.testng.TestNG.runSuitesLocally(TestNG.java:1169)
	at org.testng.TestNG.run(TestNG.java:1064)
	at org.testng.remote.AbstractRemoteTestNG.run(AbstractRemoteTestNG.java:114)
	at org.testng.remote.RemoteTestNG.initAndRun(RemoteTestNG.java:251)
	at org.testng.remote.RemoteTestNG.main(RemoteTestNG.java:77)
]]>
            </full-stacktrace>
          </exception> <!-- java.lang.IllegalArgumentException -->
          <reporter-output>
          </reporter-output>
        </test-method> <!-- AddNewUser -->
      </class> <!-- com.facebookAutomation.FacebookSignupAssignment -->
    </test> <!-- Default test -->
  </suite> <!-- Default suite -->
</testng-results>
